<?xml version="1.0" encoding="UTF-8"?>
<testng-results ignored="0" total="8" passed="7" failed="1" skipped="0">
  <reporter-output>
  </reporter-output>
  <suite started-at="2025-10-06T08:14:14 IST" name="Suite" finished-at="2025-10-06T08:14:46 IST" duration-ms="31452">
    <groups>
      <group name="smoke">
        <method signature="HomeTest.homePage1Test()[pri:0, instance:com.company.SampleTestNGFrameWork.tests.HomeTest@36804139]" name="homePage1Test" class="com.company.SampleTestNGFrameWork.tests.HomeTest"/>
        <method signature="LoginTest.loginPage3Test()[pri:0, instance:com.company.SampleTestNGFrameWork.tests.LoginTest@78fa769e]" name="loginPage3Test" class="com.company.SampleTestNGFrameWork.tests.LoginTest"/>
      </group> <!-- smoke -->
      <group name="dataProvider">
        <method signature="LoginTest.dataProviderTest(java.lang.String,java.lang.String)[pri:0, instance:com.company.SampleTestNGFrameWork.tests.LoginTest@78fa769e]" name="dataProviderTest" class="com.company.SampleTestNGFrameWork.tests.LoginTest"/>
      </group> <!-- dataProvider -->
    </groups>
    <test started-at="2025-10-06T08:14:14 IST" name="Test" finished-at="2025-10-06T08:14:46 IST" duration-ms="31452">
      <class name="com.company.SampleTestNGFrameWork.tests.HomeTest">
        <test-method is-config="true" signature="setUp()[pri:0, instance:com.company.SampleTestNGFrameWork.tests.HomeTest@36804139]" started-at="2025-10-06T08:14:14 IST" name="setUp" finished-at="2025-10-06T08:14:20 IST" duration-ms="5548" status="PASS">
          <reporter-output>
          </reporter-output>
        </test-method> <!-- setUp -->
        <test-method signature="homePage1Test()[pri:0, instance:com.company.SampleTestNGFrameWork.tests.HomeTest@36804139]" started-at="2025-10-06T08:14:20 IST" name="homePage1Test" finished-at="2025-10-06T08:14:21 IST" duration-ms="645" status="PASS">
          <reporter-output>
          </reporter-output>
        </test-method> <!-- homePage1Test -->
        <test-method is-config="true" signature="tearDown()[pri:0, instance:com.company.SampleTestNGFrameWork.tests.HomeTest@36804139]" started-at="2025-10-06T08:14:21 IST" name="tearDown" finished-at="2025-10-06T08:14:21 IST" duration-ms="599" status="PASS">
          <reporter-output>
          </reporter-output>
        </test-method> <!-- tearDown -->
        <test-method is-config="true" signature="setUp()[pri:0, instance:com.company.SampleTestNGFrameWork.tests.HomeTest@36804139]" started-at="2025-10-06T08:14:21 IST" name="setUp" finished-at="2025-10-06T08:14:24 IST" duration-ms="3045" status="PASS">
          <reporter-output>
          </reporter-output>
        </test-method> <!-- setUp -->
        <test-method signature="homePage2Test()[pri:0, instance:com.company.SampleTestNGFrameWork.tests.HomeTest@36804139]" started-at="2025-10-06T08:14:24 IST" name="homePage2Test" finished-at="2025-10-06T08:14:24 IST" duration-ms="124" status="PASS">
          <reporter-output>
          </reporter-output>
        </test-method> <!-- homePage2Test -->
        <test-method is-config="true" signature="tearDown()[pri:0, instance:com.company.SampleTestNGFrameWork.tests.HomeTest@36804139]" started-at="2025-10-06T08:14:24 IST" name="tearDown" finished-at="2025-10-06T08:14:25 IST" duration-ms="297" status="PASS">
          <reporter-output>
          </reporter-output>
        </test-method> <!-- tearDown -->
        <test-method is-config="true" signature="setUp()[pri:0, instance:com.company.SampleTestNGFrameWork.tests.HomeTest@36804139]" started-at="2025-10-06T08:14:25 IST" name="setUp" finished-at="2025-10-06T08:14:28 IST" duration-ms="3338" status="PASS">
          <reporter-output>
          </reporter-output>
        </test-method> <!-- setUp -->
        <test-method signature="homePage3Test()[pri:0, instance:com.company.SampleTestNGFrameWork.tests.HomeTest@36804139]" started-at="2025-10-06T08:14:28 IST" name="homePage3Test" finished-at="2025-10-06T08:14:28 IST" duration-ms="138" status="PASS">
          <reporter-output>
          </reporter-output>
        </test-method> <!-- homePage3Test -->
        <test-method is-config="true" signature="tearDown()[pri:0, instance:com.company.SampleTestNGFrameWork.tests.HomeTest@36804139]" started-at="2025-10-06T08:14:28 IST" name="tearDown" finished-at="2025-10-06T08:14:28 IST" duration-ms="333" status="PASS">
          <reporter-output>
          </reporter-output>
        </test-method> <!-- tearDown -->
        <test-method is-config="true" signature="setUp()[pri:0, instance:com.company.SampleTestNGFrameWork.tests.HomeTest@36804139]" started-at="2025-10-06T08:14:28 IST" name="setUp" finished-at="2025-10-06T08:14:31 IST" duration-ms="2680" status="PASS">
          <reporter-output>
          </reporter-output>
        </test-method> <!-- setUp -->
        <test-method signature="homePage4FailTest()[pri:0, instance:com.company.SampleTestNGFrameWork.tests.HomeTest@36804139]" started-at="2025-10-06T08:14:31 IST" name="homePage4FailTest" finished-at="2025-10-06T08:14:31 IST" duration-ms="333" status="FAIL">
          <exception class="org.openqa.selenium.NoSuchElementException">
            <message>
              <![CDATA[no such element: Unable to locate element: {"method":"link text","selector":"Abouts"}
  (Session info: chrome=140.0.7339.208)
For documentation on this error, please visit: https://www.selenium.dev/documentation/webdriver/troubleshooting/errors#no-such-element-exception
Build info: version: '4.35.0', revision: '1c58e5028b'
System info: os.name: 'Windows 10', os.arch: 'amd64', os.version: '10.0', java.version: '17.0.7'
Driver info: org.openqa.selenium.chrome.ChromeDriver
Command: [07959e3bef012fed6aa0873fb0668afb, findElement {value=Abouts, using=link text}]
Capabilities {acceptInsecureCerts: false, browserName: chrome, browserVersion: 140.0.7339.208, chrome: {chromedriverVersion: 140.0.7339.207 (17230b545fd..., userDataDir: C:\Users\India\AppData\Loca...}, fedcm:accounts: true, goog:chromeOptions: {debuggerAddress: localhost:50592}, networkConnectionEnabled: false, pageLoadStrategy: normal, platformName: windows, proxy: Proxy(), se:cdp: ws://localhost:50592/devtoo..., se:cdpVersion: 140.0.7339.208, setWindowRect: true, strictFileInteractability: false, timeouts: {implicit: 0, pageLoad: 300000, script: 30000}, unhandledPromptBehavior: dismiss and notify, webauthn:extension:credBlob: true, webauthn:extension:largeBlob: true, webauthn:extension:minPinLength: true, webauthn:extension:prf: true, webauthn:virtualAuthenticators: true}
Session ID: 07959e3bef012fed6aa0873fb0668afb]]>
            </message>
            <full-stacktrace>
              <![CDATA[org.openqa.selenium.NoSuchElementException: no such element: Unable to locate element: {"method":"link text","selector":"Abouts"}
  (Session info: chrome=140.0.7339.208)
For documentation on this error, please visit: https://www.selenium.dev/documentation/webdriver/troubleshooting/errors#no-such-element-exception
Build info: version: '4.35.0', revision: '1c58e5028b'
System info: os.name: 'Windows 10', os.arch: 'amd64', os.version: '10.0', java.version: '17.0.7'
Driver info: org.openqa.selenium.chrome.ChromeDriver
Command: [07959e3bef012fed6aa0873fb0668afb, findElement {value=Abouts, using=link text}]
Capabilities {acceptInsecureCerts: false, browserName: chrome, browserVersion: 140.0.7339.208, chrome: {chromedriverVersion: 140.0.7339.207 (17230b545fd..., userDataDir: C:\Users\India\AppData\Loca...}, fedcm:accounts: true, goog:chromeOptions: {debuggerAddress: localhost:50592}, networkConnectionEnabled: false, pageLoadStrategy: normal, platformName: windows, proxy: Proxy(), se:cdp: ws://localhost:50592/devtoo..., se:cdpVersion: 140.0.7339.208, setWindowRect: true, strictFileInteractability: false, timeouts: {implicit: 0, pageLoad: 300000, script: 30000}, unhandledPromptBehavior: dismiss and notify, webauthn:extension:credBlob: true, webauthn:extension:largeBlob: true, webauthn:extension:minPinLength: true, webauthn:extension:prf: true, webauthn:virtualAuthenticators: true}
Session ID: 07959e3bef012fed6aa0873fb0668afb
at java.base/jdk.internal.reflect.NativeConstructorAccessorImpl.newInstance0(Native Method)
at java.base/jdk.internal.reflect.NativeConstructorAccessorImpl.newInstance(NativeConstructorAccessorImpl.java:77)
at java.base/jdk.internal.reflect.DelegatingConstructorAccessorImpl.newInstance(DelegatingConstructorAccessorImpl.java:45)
at java.base/java.lang.reflect.Constructor.newInstanceWithCaller(Constructor.java:499)
at java.base/java.lang.reflect.Constructor.newInstance(Constructor.java:480)
at org.openqa.selenium.remote.ErrorCodec.decode(ErrorCodec.java:167)
at org.openqa.selenium.remote.codec.w3c.W3CHttpResponseCodec.decode(W3CHttpResponseCodec.java:138)
at org.openqa.selenium.remote.codec.w3c.W3CHttpResponseCodec.decode(W3CHttpResponseCodec.java:50)
at org.openqa.selenium.remote.HttpCommandExecutor.execute(HttpCommandExecutor.java:215)
at org.openqa.selenium.remote.service.DriverCommandExecutor.invokeExecute(DriverCommandExecutor.java:216)
at org.openqa.selenium.remote.service.DriverCommandExecutor.execute(DriverCommandExecutor.java:174)
at org.openqa.selenium.remote.RemoteWebDriver.execute(RemoteWebDriver.java:557)
at org.openqa.selenium.remote.ElementLocation$ElementFinder$2.findElement(ElementLocation.java:165)
at org.openqa.selenium.remote.ElementLocation.findElement(ElementLocation.java:59)
at org.openqa.selenium.remote.RemoteWebDriver.findElement(RemoteWebDriver.java:380)
at org.openqa.selenium.remote.RemoteWebDriver.findElement(RemoteWebDriver.java:374)
at com.company.SampleTestNGFrameWork.tests.HomeTest.homePage4FailTest(HomeTest.java:42)
at java.base/jdk.internal.reflect.NativeMethodAccessorImpl.invoke0(Native Method)
at java.base/jdk.internal.reflect.NativeMethodAccessorImpl.invoke(NativeMethodAccessorImpl.java:77)
at java.base/jdk.internal.reflect.DelegatingMethodAccessorImpl.invoke(DelegatingMethodAccessorImpl.java:43)
at java.base/java.lang.reflect.Method.invoke(Method.java:568)
at org.testng.internal.invokers.MethodInvocationHelper.invokeMethod(MethodInvocationHelper.java:141)
at org.testng.internal.invokers.TestInvoker.invokeMethod(TestInvoker.java:687)
at org.testng.internal.invokers.TestInvoker.invokeTestMethod(TestInvoker.java:230)
at org.testng.internal.invokers.MethodRunner.runInSequence(MethodRunner.java:63)
at org.testng.internal.invokers.TestInvoker$MethodInvocationAgent.invoke(TestInvoker.java:995)
at org.testng.internal.invokers.TestInvoker.invokeTestMethods(TestInvoker.java:203)
at org.testng.internal.invokers.TestMethodWorker.invokeTestMethods(TestMethodWorker.java:154)
at org.testng.internal.invokers.TestMethodWorker.run(TestMethodWorker.java:134)
at java.base/java.util.ArrayList.forEach(ArrayList.java:1511)
at org.testng.TestRunner.privateRun(TestRunner.java:741)
at org.testng.TestRunner.run(TestRunner.java:616)
at org.testng.SuiteRunner.runTest(SuiteRunner.java:421)
at org.testng.SuiteRunner.runSequentially(SuiteRunner.java:413)
at org.testng.SuiteRunner.privateRun(SuiteRunner.java:373)
at org.testng.SuiteRunner.run(SuiteRunner.java:312)
at org.testng.SuiteRunnerWorker.runSuite(SuiteRunnerWorker.java:52)
at org.testng.SuiteRunnerWorker.run(SuiteRunnerWorker.java:95)
at org.testng.TestNG.runSuitesSequentially(TestNG.java:1274)
at org.testng.TestNG.runSuitesLocally(TestNG.java:1208)
at org.testng.TestNG.runSuites(TestNG.java:1112)
at org.testng.TestNG.run(TestNG.java:1079)
at org.testng.remote.AbstractRemoteTestNG.run(AbstractRemoteTestNG.java:115)
at org.testng.remote.RemoteTestNG.initAndRun(RemoteTestNG.java:293)
at org.testng.remote.RemoteTestNG.main(RemoteTestNG.java:91)
]]>
            </full-stacktrace>
          </exception> <!-- org.openqa.selenium.NoSuchElementException -->
          <reporter-output>
          </reporter-output>
        </test-method> <!-- homePage4FailTest -->
        <test-method is-config="true" signature="tearDown()[pri:0, instance:com.company.SampleTestNGFrameWork.tests.HomeTest@36804139]" started-at="2025-10-06T08:14:32 IST" name="tearDown" finished-at="2025-10-06T08:14:32 IST" duration-ms="361" status="PASS">
          <reporter-output>
          </reporter-output>
        </test-method> <!-- tearDown -->
      </class> <!-- com.company.SampleTestNGFrameWork.tests.HomeTest -->
      <class name="com.company.SampleTestNGFrameWork.tests.LoginTest">
        <test-method is-config="true" signature="setUp()[pri:0, instance:com.company.SampleTestNGFrameWork.tests.LoginTest@78fa769e]" started-at="2025-10-06T08:14:32 IST" name="setUp" finished-at="2025-10-06T08:14:35 IST" duration-ms="2710" status="PASS">
          <reporter-output>
          </reporter-output>
        </test-method> <!-- setUp -->
        <test-method signature="dataProviderTest(java.lang.String,java.lang.String)[pri:0, instance:com.company.SampleTestNGFrameWork.tests.LoginTest@78fa769e]" started-at="2025-10-06T08:14:35 IST" name="dataProviderTest" data-provider="dataTest" finished-at="2025-10-06T08:14:35 IST" duration-ms="6" status="PASS">
          <params>
            <param index="0">
              <value>
                <![CDATA[email]]>
              </value>
            </param>
            <param index="1">
              <value>
                <![CDATA[password]]>
              </value>
            </param>
          </params>
          <reporter-output>
          </reporter-output>
        </test-method> <!-- dataProviderTest -->
        <test-method is-config="true" signature="tearDown()[pri:0, instance:com.company.SampleTestNGFrameWork.tests.LoginTest@78fa769e]" started-at="2025-10-06T08:14:35 IST" name="tearDown" finished-at="2025-10-06T08:14:35 IST" duration-ms="365" status="PASS">
          <reporter-output>
          </reporter-output>
        </test-method> <!-- tearDown -->
        <test-method is-config="true" signature="setUp()[pri:0, instance:com.company.SampleTestNGFrameWork.tests.LoginTest@78fa769e]" started-at="2025-10-06T08:14:35 IST" name="setUp" finished-at="2025-10-06T08:14:38 IST" duration-ms="2809" status="PASS">
          <reporter-output>
          </reporter-output>
        </test-method> <!-- setUp -->
        <test-method signature="loginPage1Test()[pri:0, instance:com.company.SampleTestNGFrameWork.tests.LoginTest@78fa769e]" started-at="2025-10-06T08:14:38 IST" name="loginPage1Test" finished-at="2025-10-06T08:14:38 IST" duration-ms="125" status="PASS">
          <reporter-output>
          </reporter-output>
        </test-method> <!-- loginPage1Test -->
        <test-method is-config="true" signature="tearDown()[pri:0, instance:com.company.SampleTestNGFrameWork.tests.LoginTest@78fa769e]" started-at="2025-10-06T08:14:38 IST" name="tearDown" finished-at="2025-10-06T08:14:38 IST" duration-ms="277" status="PASS">
          <reporter-output>
          </reporter-output>
        </test-method> <!-- tearDown -->
        <test-method is-config="true" signature="setUp()[pri:0, instance:com.company.SampleTestNGFrameWork.tests.LoginTest@78fa769e]" started-at="2025-10-06T08:14:38 IST" name="setUp" finished-at="2025-10-06T08:14:41 IST" duration-ms="3071" status="PASS">
          <reporter-output>
          </reporter-output>
        </test-method> <!-- setUp -->
        <test-method signature="loginPage2Test()[pri:0, instance:com.company.SampleTestNGFrameWork.tests.LoginTest@78fa769e]" started-at="2025-10-06T08:14:41 IST" name="loginPage2Test" finished-at="2025-10-06T08:14:42 IST" duration-ms="153" status="PASS">
          <reporter-output>
          </reporter-output>
        </test-method> <!-- loginPage2Test -->
        <test-method is-config="true" signature="tearDown()[pri:0, instance:com.company.SampleTestNGFrameWork.tests.LoginTest@78fa769e]" started-at="2025-10-06T08:14:42 IST" name="tearDown" finished-at="2025-10-06T08:14:42 IST" duration-ms="315" status="PASS">
          <reporter-output>
          </reporter-output>
        </test-method> <!-- tearDown -->
        <test-method is-config="true" signature="setUp()[pri:0, instance:com.company.SampleTestNGFrameWork.tests.LoginTest@78fa769e]" started-at="2025-10-06T08:14:42 IST" name="setUp" finished-at="2025-10-06T08:14:45 IST" duration-ms="3152" status="PASS">
          <reporter-output>
          </reporter-output>
        </test-method> <!-- setUp -->
        <test-method signature="loginPage3Test()[pri:0, instance:com.company.SampleTestNGFrameWork.tests.LoginTest@78fa769e]" started-at="2025-10-06T08:14:45 IST" name="loginPage3Test" finished-at="2025-10-06T08:14:45 IST" duration-ms="173" status="PASS">
          <reporter-output>
          </reporter-output>
        </test-method> <!-- loginPage3Test -->
        <test-method is-config="true" signature="tearDown()[pri:0, instance:com.company.SampleTestNGFrameWork.tests.LoginTest@78fa769e]" started-at="2025-10-06T08:14:45 IST" name="tearDown" finished-at="2025-10-06T08:14:46 IST" duration-ms="316" status="PASS">
          <reporter-output>
          </reporter-output>
        </test-method> <!-- tearDown -->
      </class> <!-- com.company.SampleTestNGFrameWork.tests.LoginTest -->
    </test> <!-- Test -->
  </suite> <!-- Suite -->
</testng-results>
