<?xml version="1.0" encoding="UTF-8"?>
<!-- Generated by org.testng.reporters.JUnitXMLReporter -->
<testsuite ignored="0" hostname="QT-INHD-LT0753" failures="0" tests="4" name="Login Tests" time="17.57" errors="0" timestamp="2025-10-05T19:20:54 IST">
  <testcase classname="com.company.SampleTestNGFrameWork.tests.LoginTest" name="dataProviderTest" time="0.012"/>
  <testcase classname="com.company.SampleTestNGFrameWork.tests.LoginTest" name="loginPage1Test" time="0.058"/>
  <testcase classname="com.company.SampleTestNGFrameWork.tests.LoginTest" name="loginPage2Test" time="0.043"/>
  <testcase classname="com.company.SampleTestNGFrameWork.tests.LoginTest" name="loginPage3Test" time="0.067"/>
</testsuite> <!-- Login Tests -->
