<?xml version="1.0" encoding="UTF-8"?>
<!-- Generated by org.testng.reporters.JUnitXMLReporter -->
<testsuite ignored="6" hostname="QT-INHD-LT0753" failures="0" tests="2" name="Test" time="9.859" errors="0" timestamp="2025-10-05T19:31:12 IST">
  <testcase classname="com.company.SampleTestNGFrameWork.tests.HomeTest" name="homePage1Test" time="0.202"/>
  <testcase classname="com.company.SampleTestNGFrameWork.tests.LoginTest" name="loginPage3Test" time="0.137"/>
  <testcase classname="com.company.SampleTestNGFrameWork.tests.HomeTest" name="homePage3Test" time="0.0">
    <ignored/>
  </testcase> <!-- homePage3Test -->
  <testcase classname="com.company.SampleTestNGFrameWork.tests.LoginTest" name="dataProviderTest" time="0.0">
    <ignored/>
  </testcase> <!-- dataProviderTest -->
  <testcase classname="com.company.SampleTestNGFrameWork.tests.HomeTest" name="homePage4FailTest" time="0.0">
    <ignored/>
  </testcase> <!-- homePage4FailTest -->
  <testcase classname="com.company.SampleTestNGFrameWork.tests.LoginTest" name="loginPage1Test" time="0.0">
    <ignored/>
  </testcase> <!-- loginPage1Test -->
  <testcase classname="com.company.SampleTestNGFrameWork.tests.HomeTest" name="homePage2Test" time="0.0">
    <ignored/>
  </testcase> <!-- homePage2Test -->
  <testcase classname="com.company.SampleTestNGFrameWork.tests.LoginTest" name="loginPage2Test" time="0.0">
    <ignored/>
  </testcase> <!-- loginPage2Test -->
</testsuite> <!-- Test -->
