<?xml version="1.0" encoding="UTF-8"?>
<testng-results ignored="6" total="8" passed="2" failed="0" skipped="0">
  <reporter-output>
  </reporter-output>
  <suite started-at="2025-10-05T19:31:02 IST" name="Suite" finished-at="2025-10-05T19:31:11 IST" duration-ms="9859">
    <groups>
      <group name="smoke">
        <method signature="HomeTest.homePage1Test()[pri:0, instance:com.company.SampleTestNGFrameWork.tests.HomeTest@71687585]" name="homePage1Test" class="com.company.SampleTestNGFrameWork.tests.HomeTest"/>
        <method signature="LoginTest.loginPage3Test()[pri:0, instance:com.company.SampleTestNGFrameWork.tests.LoginTest@69ee81fc]" name="loginPage3Test" class="com.company.SampleTestNGFrameWork.tests.LoginTest"/>
      </group> <!-- smoke -->
    </groups>
    <test started-at="2025-10-05T19:31:02 IST" name="Test" finished-at="2025-10-05T19:31:11 IST" duration-ms="9859">
      <class name="com.company.SampleTestNGFrameWork.tests.HomeTest">
        <test-method is-config="true" signature="setUp()[pri:0, instance:com.company.SampleTestNGFrameWork.tests.HomeTest@71687585]" started-at="2025-10-05T19:31:02 IST" name="setUp" finished-at="2025-10-05T19:31:05 IST" duration-ms="3914" status="PASS">
          <reporter-output>
          </reporter-output>
        </test-method> <!-- setUp -->
        <test-method signature="homePage1Test()[pri:0, instance:com.company.SampleTestNGFrameWork.tests.HomeTest@71687585]" started-at="2025-10-05T19:31:05 IST" name="homePage1Test" finished-at="2025-10-05T19:31:06 IST" duration-ms="202" status="PASS">
          <reporter-output>
          </reporter-output>
        </test-method> <!-- homePage1Test -->
        <test-method is-config="true" signature="tearDown()[pri:0, instance:com.company.SampleTestNGFrameWork.tests.HomeTest@71687585]" started-at="2025-10-05T19:31:06 IST" name="tearDown" finished-at="2025-10-05T19:31:06 IST" duration-ms="420" status="PASS">
          <reporter-output>
          </reporter-output>
        </test-method> <!-- tearDown -->
      </class> <!-- com.company.SampleTestNGFrameWork.tests.HomeTest -->
      <class name="com.company.SampleTestNGFrameWork.tests.LoginTest">
        <test-method is-config="true" signature="setUp()[pri:0, instance:com.company.SampleTestNGFrameWork.tests.LoginTest@69ee81fc]" started-at="2025-10-05T19:31:06 IST" name="setUp" finished-at="2025-10-05T19:31:11 IST" duration-ms="4667" status="PASS">
          <reporter-output>
          </reporter-output>
        </test-method> <!-- setUp -->
        <test-method signature="loginPage3Test()[pri:0, instance:com.company.SampleTestNGFrameWork.tests.LoginTest@69ee81fc]" started-at="2025-10-05T19:31:11 IST" name="loginPage3Test" finished-at="2025-10-05T19:31:11 IST" duration-ms="137" status="PASS">
          <reporter-output>
          </reporter-output>
        </test-method> <!-- loginPage3Test -->
        <test-method is-config="true" signature="tearDown()[pri:0, instance:com.company.SampleTestNGFrameWork.tests.LoginTest@69ee81fc]" started-at="2025-10-05T19:31:11 IST" name="tearDown" finished-at="2025-10-05T19:31:11 IST" duration-ms="473" status="PASS">
          <reporter-output>
          </reporter-output>
        </test-method> <!-- tearDown -->
      </class> <!-- com.company.SampleTestNGFrameWork.tests.LoginTest -->
    </test> <!-- Test -->
  </suite> <!-- Suite -->
</testng-results>
