<?xml version="1.0" encoding="UTF-8"?>
<!-- Generated by org.testng.reporters.JUnitXMLReporter -->
<testsuite ignored="3" hostname="DESKTOP-JLDIC5L" failures="0" tests="1" name="Default test" time="12.086" errors="0" timestamp="2025-10-06T08:13:50 IST">
  <testcase classname="com.company.SampleTestNGFrameWork.tests.LoginTest" name="loginPage1Test" time="0.271"/>
  <testcase classname="com.company.SampleTestNGFrameWork.tests.LoginTest" name="loginPage2Test" time="0.0">
    <ignored/>
  </testcase> <!-- loginPage2Test -->
  <testcase classname="com.company.SampleTestNGFrameWork.tests.LoginTest" name="dataProviderTest" time="0.0">
    <ignored/>
  </testcase> <!-- dataProviderTest -->
  <testcase classname="com.company.SampleTestNGFrameWork.tests.LoginTest" name="loginPage3Test" time="0.0">
    <ignored/>
  </testcase> <!-- loginPage3Test -->
</testsuite> <!-- Default test -->
